0 info it worked if it ends with ok
1 verbose cli [ '/usr/bin/nodejs',
1 verbose cli   '/usr/bin/npm',
1 verbose cli   'install',
1 verbose cli   '-g',
1 verbose cli   'express-generator' ]
2 info using npm@3.10.10
3 info using node@v6.10.1
4 silly loadCurrentTree Starting
5 silly install loadCurrentTree
6 silly install readGlobalPackageData
7 silly fetchPackageMetaData express-generator
8 silly fetchNamedPackageData express-generator
9 silly mapToRegistry name express-generator
10 silly mapToRegistry using default registry
11 silly mapToRegistry registry https://registry.npmjs.org/
12 silly mapToRegistry data Result {
12 silly mapToRegistry   raw: 'express-generator',
12 silly mapToRegistry   scope: null,
12 silly mapToRegistry   escapedName: 'express-generator',
12 silly mapToRegistry   name: 'express-generator',
12 silly mapToRegistry   rawSpec: '',
12 silly mapToRegistry   spec: 'latest',
12 silly mapToRegistry   type: 'tag' }
13 silly mapToRegistry uri https://registry.npmjs.org/express-generator
14 verbose request uri https://registry.npmjs.org/express-generator
15 verbose request no auth needed
16 info attempt registry request try #1 at 1:32:11 AM
17 verbose request id a150d47251778eed
18 verbose etag W/"58ef0de9-9e89"
19 verbose lastModified Thu, 13 Apr 2017 05:34:33 GMT
20 http request GET https://registry.npmjs.org/express-generator
21 http 304 https://registry.npmjs.org/express-generator
22 verbose headers { date: 'Thu, 13 Apr 2017 18:32:17 GMT',
22 verbose headers   via: '1.1 varnish',
22 verbose headers   'cache-control': 'max-age=300',
22 verbose headers   etag: 'W/"58ef0de9-9e89"',
22 verbose headers   age: '0',
22 verbose headers   connection: 'keep-alive',
22 verbose headers   'x-served-by': 'cache-hkg6824-HKG',
22 verbose headers   'x-cache': 'MISS',
22 verbose headers   'x-cache-hits': '0',
22 verbose headers   'x-timer': 'S1492108337.054629,VS0,VE186',
22 verbose headers   vary: 'Accept-Encoding' }
23 silly get cb [ 304,
23 silly get   { date: 'Thu, 13 Apr 2017 18:32:17 GMT',
23 silly get     via: '1.1 varnish',
23 silly get     'cache-control': 'max-age=300',
23 silly get     etag: 'W/"58ef0de9-9e89"',
23 silly get     age: '0',
23 silly get     connection: 'keep-alive',
23 silly get     'x-served-by': 'cache-hkg6824-HKG',
23 silly get     'x-cache': 'MISS',
23 silly get     'x-cache-hits': '0',
23 silly get     'x-timer': 'S1492108337.054629,VS0,VE186',
23 silly get     vary: 'Accept-Encoding' } ]
24 verbose etag https://registry.npmjs.org/express-generator from cache
25 verbose get saving express-generator to /home/viet/.npm/registry.npmjs.org/express-generator/.cache.json
26 verbose correctMkdir /home/viet/.npm correctMkdir not in flight; initializing
27 silly install normalizeTree
28 silly loadCurrentTree Finishing
29 silly loadIdealTree Starting
30 silly install loadIdealTree
31 silly cloneCurrentTree Starting
32 silly install cloneCurrentTreeToIdealTree
33 silly cloneCurrentTree Finishing
34 silly loadShrinkwrap Starting
35 silly install loadShrinkwrap
36 silly loadShrinkwrap Finishing
37 silly loadAllDepsIntoIdealTree Starting
38 silly install loadAllDepsIntoIdealTree
39 silly resolveWithNewModule express-generator@4.15.0 checking installable status
40 silly cache add args [ 'express-generator', null ]
41 verbose cache add spec express-generator
42 silly cache add parsed spec Result {
42 silly cache add   raw: 'express-generator',
42 silly cache add   scope: null,
42 silly cache add   escapedName: 'express-generator',
42 silly cache add   name: 'express-generator',
42 silly cache add   rawSpec: '',
42 silly cache add   spec: 'latest',
42 silly cache add   type: 'tag' }
43 silly addNamed express-generator@latest
44 verbose addNamed "latest" is being treated as a dist-tag for express-generator
45 info addNameTag [ 'express-generator', 'latest' ]
46 silly mapToRegistry name express-generator
47 silly mapToRegistry using default registry
48 silly mapToRegistry registry https://registry.npmjs.org/
49 silly mapToRegistry data Result {
49 silly mapToRegistry   raw: 'express-generator',
49 silly mapToRegistry   scope: null,
49 silly mapToRegistry   escapedName: 'express-generator',
49 silly mapToRegistry   name: 'express-generator',
49 silly mapToRegistry   rawSpec: '',
49 silly mapToRegistry   spec: 'latest',
49 silly mapToRegistry   type: 'tag' }
50 silly mapToRegistry uri https://registry.npmjs.org/express-generator
51 verbose addNameTag registry:https://registry.npmjs.org/express-generator not in flight; fetching
52 verbose get https://registry.npmjs.org/express-generator not expired, no request
53 silly addNameTag next cb for express-generator with tag latest
54 silly addNamed express-generator@4.15.0
55 verbose addNamed "4.15.0" is a plain semver version for express-generator
56 silly cache afterAdd express-generator@4.15.0
57 verbose afterAdd /home/viet/.npm/express-generator/4.15.0/package/package.json not in flight; writing
58 verbose correctMkdir /home/viet/.npm correctMkdir not in flight; initializing
59 verbose afterAdd /home/viet/.npm/express-generator/4.15.0/package/package.json written
60 silly fetchNamedPackageData commander
61 silly mapToRegistry name commander
62 silly mapToRegistry using default registry
63 silly mapToRegistry registry https://registry.npmjs.org/
64 silly mapToRegistry data Result {
64 silly mapToRegistry   raw: 'commander',
64 silly mapToRegistry   scope: null,
64 silly mapToRegistry   escapedName: 'commander',
64 silly mapToRegistry   name: 'commander',
64 silly mapToRegistry   rawSpec: '',
64 silly mapToRegistry   spec: 'latest',
64 silly mapToRegistry   type: 'tag' }
65 silly mapToRegistry uri https://registry.npmjs.org/commander
66 silly fetchNamedPackageData ejs
67 silly mapToRegistry name ejs
68 silly mapToRegistry using default registry
69 silly mapToRegistry registry https://registry.npmjs.org/
70 silly mapToRegistry data Result {
70 silly mapToRegistry   raw: 'ejs',
70 silly mapToRegistry   scope: null,
70 silly mapToRegistry   escapedName: 'ejs',
70 silly mapToRegistry   name: 'ejs',
70 silly mapToRegistry   rawSpec: '',
70 silly mapToRegistry   spec: 'latest',
70 silly mapToRegistry   type: 'tag' }
71 silly mapToRegistry uri https://registry.npmjs.org/ejs
72 silly fetchNamedPackageData mkdirp
73 silly mapToRegistry name mkdirp
74 silly mapToRegistry using default registry
75 silly mapToRegistry registry https://registry.npmjs.org/
76 silly mapToRegistry data Result {
76 silly mapToRegistry   raw: 'mkdirp',
76 silly mapToRegistry   scope: null,
76 silly mapToRegistry   escapedName: 'mkdirp',
76 silly mapToRegistry   name: 'mkdirp',
76 silly mapToRegistry   rawSpec: '',
76 silly mapToRegistry   spec: 'latest',
76 silly mapToRegistry   type: 'tag' }
77 silly mapToRegistry uri https://registry.npmjs.org/mkdirp
78 silly fetchNamedPackageData sorted-object
79 silly mapToRegistry name sorted-object
80 silly mapToRegistry using default registry
81 silly mapToRegistry registry https://registry.npmjs.org/
82 silly mapToRegistry data Result {
82 silly mapToRegistry   raw: 'sorted-object',
82 silly mapToRegistry   scope: null,
82 silly mapToRegistry   escapedName: 'sorted-object',
82 silly mapToRegistry   name: 'sorted-object',
82 silly mapToRegistry   rawSpec: '',
82 silly mapToRegistry   spec: 'latest',
82 silly mapToRegistry   type: 'tag' }
83 silly mapToRegistry uri https://registry.npmjs.org/sorted-object
84 verbose request uri https://registry.npmjs.org/sorted-object
85 verbose request no auth needed
86 info attempt registry request try #1 at 1:32:17 AM
87 verbose etag W/"57d499b1-1545"
88 verbose lastModified Sat, 10 Sep 2016 23:39:29 GMT
89 http request GET https://registry.npmjs.org/sorted-object
90 verbose request uri https://registry.npmjs.org/ejs
91 verbose request no auth needed
92 info attempt registry request try #1 at 1:32:17 AM
93 verbose etag W/"58e3bc94-109ad"
94 verbose lastModified Tue, 04 Apr 2017 15:32:36 GMT
95 http request GET https://registry.npmjs.org/ejs
96 verbose request uri https://registry.npmjs.org/commander
97 verbose request no auth needed
98 info attempt registry request try #1 at 1:32:17 AM
99 verbose lastModified Wed, 12 Apr 2017 16:14:26 GMT
100 http request GET https://registry.npmjs.org/commander
101 verbose request uri https://registry.npmjs.org/mkdirp
102 verbose request no auth needed
103 info attempt registry request try #1 at 1:32:17 AM
104 verbose etag W/"58ecb4c9-62fd"
105 verbose lastModified Tue, 11 Apr 2017 10:49:45 GMT
106 http request GET https://registry.npmjs.org/mkdirp
107 http 304 https://registry.npmjs.org/mkdirp
108 verbose headers { date: 'Thu, 13 Apr 2017 18:32:17 GMT',
108 verbose headers   via: '1.1 varnish',
108 verbose headers   'cache-control': 'max-age=300',
108 verbose headers   etag: 'W/"58ecb4c9-62fd"',
108 verbose headers   age: '46',
108 verbose headers   connection: 'keep-alive',
108 verbose headers   'x-served-by': 'cache-hkg6821-HKG',
108 verbose headers   'x-cache': 'HIT',
108 verbose headers   'x-cache-hits': '3',
108 verbose headers   'x-timer': 'S1492108338.967335,VS0,VE0',
108 verbose headers   vary: 'Accept-Encoding' }
109 silly get cb [ 304,
109 silly get   { date: 'Thu, 13 Apr 2017 18:32:17 GMT',
109 silly get     via: '1.1 varnish',
109 silly get     'cache-control': 'max-age=300',
109 silly get     etag: 'W/"58ecb4c9-62fd"',
109 silly get     age: '46',
109 silly get     connection: 'keep-alive',
109 silly get     'x-served-by': 'cache-hkg6821-HKG',
109 silly get     'x-cache': 'HIT',
109 silly get     'x-cache-hits': '3',
109 silly get     'x-timer': 'S1492108338.967335,VS0,VE0',
109 silly get     vary: 'Accept-Encoding' } ]
110 verbose etag https://registry.npmjs.org/mkdirp from cache
111 verbose get saving mkdirp to /home/viet/.npm/registry.npmjs.org/mkdirp/.cache.json
112 verbose correctMkdir /home/viet/.npm correctMkdir not in flight; initializing
113 http 304 https://registry.npmjs.org/ejs
114 verbose headers { date: 'Thu, 13 Apr 2017 18:32:17 GMT',
114 verbose headers   via: '1.1 varnish',
114 verbose headers   'cache-control': 'max-age=300',
114 verbose headers   etag: 'W/"58e3bc94-109ad"',
114 verbose headers   age: '20',
114 verbose headers   connection: 'keep-alive',
114 verbose headers   'x-served-by': 'cache-hkg6824-HKG',
114 verbose headers   'x-cache': 'HIT',
114 verbose headers   'x-cache-hits': '1',
114 verbose headers   'x-timer': 'S1492108338.965053,VS0,VE0',
114 verbose headers   vary: 'Accept-Encoding' }
115 silly get cb [ 304,
115 silly get   { date: 'Thu, 13 Apr 2017 18:32:17 GMT',
115 silly get     via: '1.1 varnish',
115 silly get     'cache-control': 'max-age=300',
115 silly get     etag: 'W/"58e3bc94-109ad"',
115 silly get     age: '20',
115 silly get     connection: 'keep-alive',
115 silly get     'x-served-by': 'cache-hkg6824-HKG',
115 silly get     'x-cache': 'HIT',
115 silly get     'x-cache-hits': '1',
115 silly get     'x-timer': 'S1492108338.965053,VS0,VE0',
115 silly get     vary: 'Accept-Encoding' } ]
116 verbose etag https://registry.npmjs.org/ejs from cache
117 verbose get saving ejs to /home/viet/.npm/registry.npmjs.org/ejs/.cache.json
118 verbose correctMkdir /home/viet/.npm correctMkdir not in flight; initializing
119 http 200 https://registry.npmjs.org/commander
120 verbose headers { server: 'nginx/1.10.1',
120 verbose headers   'content-type': 'application/json',
120 verbose headers   'last-modified': 'Wed, 12 Apr 2017 16:14:26 GMT',
120 verbose headers   etag: 'W/"58ee5262-10228"',
120 verbose headers   'content-encoding': 'gzip',
120 verbose headers   'cache-control': 'max-age=300',
120 verbose headers   'content-length': '12898',
120 verbose headers   'accept-ranges': 'bytes',
120 verbose headers   date: 'Thu, 13 Apr 2017 18:32:17 GMT',
120 verbose headers   via: '1.1 varnish',
120 verbose headers   age: '103',
120 verbose headers   connection: 'keep-alive',
120 verbose headers   'x-served-by': 'cache-hkg6826-HKG',
120 verbose headers   'x-cache': 'HIT',
120 verbose headers   'x-cache-hits': '2',
120 verbose headers   'x-timer': 'S1492108338.965946,VS0,VE0',
120 verbose headers   vary: 'Accept-Encoding' }
121 silly get cb [ 200,
121 silly get   { server: 'nginx/1.10.1',
121 silly get     'content-type': 'application/json',
121 silly get     'last-modified': 'Wed, 12 Apr 2017 16:14:26 GMT',
121 silly get     etag: 'W/"58ee5262-10228"',
121 silly get     'content-encoding': 'gzip',
121 silly get     'cache-control': 'max-age=300',
121 silly get     'content-length': '12898',
121 silly get     'accept-ranges': 'bytes',
121 silly get     date: 'Thu, 13 Apr 2017 18:32:17 GMT',
121 silly get     via: '1.1 varnish',
121 silly get     age: '103',
121 silly get     connection: 'keep-alive',
121 silly get     'x-served-by': 'cache-hkg6826-HKG',
121 silly get     'x-cache': 'HIT',
121 silly get     'x-cache-hits': '2',
121 silly get     'x-timer': 'S1492108338.965946,VS0,VE0',
121 silly get     vary: 'Accept-Encoding' } ]
122 verbose get saving commander to /home/viet/.npm/registry.npmjs.org/commander/.cache.json
123 verbose correctMkdir /home/viet/.npm correctMkdir not in flight; initializing
124 silly resolveWithNewModule mkdirp@0.5.1 checking installable status
125 silly cache add args [ 'mkdirp@0.5.1', null ]
126 verbose cache add spec mkdirp@0.5.1
127 silly cache add parsed spec Result {
127 silly cache add   raw: 'mkdirp@0.5.1',
127 silly cache add   scope: null,
127 silly cache add   escapedName: 'mkdirp',
127 silly cache add   name: 'mkdirp',
127 silly cache add   rawSpec: '0.5.1',
127 silly cache add   spec: '0.5.1',
127 silly cache add   type: 'version' }
128 silly addNamed mkdirp@0.5.1
129 verbose addNamed "0.5.1" is a plain semver version for mkdirp
130 silly mapToRegistry name mkdirp
131 silly mapToRegistry using default registry
132 silly mapToRegistry registry https://registry.npmjs.org/
133 silly mapToRegistry data Result {
133 silly mapToRegistry   raw: 'mkdirp',
133 silly mapToRegistry   scope: null,
133 silly mapToRegistry   escapedName: 'mkdirp',
133 silly mapToRegistry   name: 'mkdirp',
133 silly mapToRegistry   rawSpec: '',
133 silly mapToRegistry   spec: 'latest',
133 silly mapToRegistry   type: 'tag' }
134 silly mapToRegistry uri https://registry.npmjs.org/mkdirp
135 verbose addNameVersion registry:https://registry.npmjs.org/mkdirp not in flight; fetching
136 silly resolveWithNewModule ejs@2.5.6 checking installable status
137 silly cache add args [ 'ejs@2.5.6', null ]
138 verbose cache add spec ejs@2.5.6
139 silly cache add parsed spec Result {
139 silly cache add   raw: 'ejs@2.5.6',
139 silly cache add   scope: null,
139 silly cache add   escapedName: 'ejs',
139 silly cache add   name: 'ejs',
139 silly cache add   rawSpec: '2.5.6',
139 silly cache add   spec: '2.5.6',
139 silly cache add   type: 'version' }
140 silly addNamed ejs@2.5.6
141 verbose addNamed "2.5.6" is a plain semver version for ejs
142 silly mapToRegistry name ejs
143 silly mapToRegistry using default registry
144 silly mapToRegistry registry https://registry.npmjs.org/
145 silly mapToRegistry data Result {
145 silly mapToRegistry   raw: 'ejs',
145 silly mapToRegistry   scope: null,
145 silly mapToRegistry   escapedName: 'ejs',
145 silly mapToRegistry   name: 'ejs',
145 silly mapToRegistry   rawSpec: '',
145 silly mapToRegistry   spec: 'latest',
145 silly mapToRegistry   type: 'tag' }
146 silly mapToRegistry uri https://registry.npmjs.org/ejs
147 verbose addNameVersion registry:https://registry.npmjs.org/ejs not in flight; fetching
148 verbose get https://registry.npmjs.org/mkdirp not expired, no request
149 verbose get https://registry.npmjs.org/ejs not expired, no request
150 silly resolveWithNewModule commander@2.9.0 checking installable status
151 silly cache add args [ 'commander@2.9.0', null ]
152 verbose cache add spec commander@2.9.0
153 silly cache add parsed spec Result {
153 silly cache add   raw: 'commander@2.9.0',
153 silly cache add   scope: null,
153 silly cache add   escapedName: 'commander',
153 silly cache add   name: 'commander',
153 silly cache add   rawSpec: '2.9.0',
153 silly cache add   spec: '2.9.0',
153 silly cache add   type: 'version' }
154 silly addNamed commander@2.9.0
155 verbose addNamed "2.9.0" is a plain semver version for commander
156 silly mapToRegistry name commander
157 silly mapToRegistry using default registry
158 silly mapToRegistry registry https://registry.npmjs.org/
159 silly mapToRegistry data Result {
159 silly mapToRegistry   raw: 'commander',
159 silly mapToRegistry   scope: null,
159 silly mapToRegistry   escapedName: 'commander',
159 silly mapToRegistry   name: 'commander',
159 silly mapToRegistry   rawSpec: '',
159 silly mapToRegistry   spec: 'latest',
159 silly mapToRegistry   type: 'tag' }
160 silly mapToRegistry uri https://registry.npmjs.org/commander
161 verbose addNameVersion registry:https://registry.npmjs.org/commander not in flight; fetching
162 verbose get https://registry.npmjs.org/commander not expired, no request
163 silly cache afterAdd commander@2.9.0
164 verbose afterAdd /home/viet/.npm/commander/2.9.0/package/package.json not in flight; writing
165 verbose correctMkdir /home/viet/.npm correctMkdir not in flight; initializing
166 silly cache afterAdd ejs@2.5.6
167 verbose afterAdd /home/viet/.npm/ejs/2.5.6/package/package.json not in flight; writing
168 verbose correctMkdir /home/viet/.npm correctMkdir not in flight; initializing
169 verbose afterAdd /home/viet/.npm/commander/2.9.0/package/package.json written
170 verbose afterAdd /home/viet/.npm/ejs/2.5.6/package/package.json written
171 silly cache afterAdd mkdirp@0.5.1
172 verbose afterAdd /home/viet/.npm/mkdirp/0.5.1/package/package.json not in flight; writing
173 verbose correctMkdir /home/viet/.npm correctMkdir not in flight; initializing
174 verbose afterAdd /home/viet/.npm/mkdirp/0.5.1/package/package.json written
175 http 304 https://registry.npmjs.org/sorted-object
176 verbose headers { date: 'Thu, 13 Apr 2017 18:32:17 GMT',
176 verbose headers   via: '1.1 varnish',
176 verbose headers   'cache-control': 'max-age=300',
176 verbose headers   etag: 'W/"57d499b1-1545"',
176 verbose headers   age: '0',
176 verbose headers   connection: 'keep-alive',
176 verbose headers   'x-served-by': 'cache-hkg6824-HKG',
176 verbose headers   'x-cache': 'MISS',
176 verbose headers   'x-cache-hits': '0',
176 verbose headers   'x-timer': 'S1492108338.547650,VS0,VE743',
176 verbose headers   vary: 'Accept-Encoding' }
177 silly get cb [ 304,
177 silly get   { date: 'Thu, 13 Apr 2017 18:32:17 GMT',
177 silly get     via: '1.1 varnish',
177 silly get     'cache-control': 'max-age=300',
177 silly get     etag: 'W/"57d499b1-1545"',
177 silly get     age: '0',
177 silly get     connection: 'keep-alive',
177 silly get     'x-served-by': 'cache-hkg6824-HKG',
177 silly get     'x-cache': 'MISS',
177 silly get     'x-cache-hits': '0',
177 silly get     'x-timer': 'S1492108338.547650,VS0,VE743',
177 silly get     vary: 'Accept-Encoding' } ]
178 verbose etag https://registry.npmjs.org/sorted-object from cache
179 verbose get saving sorted-object to /home/viet/.npm/registry.npmjs.org/sorted-object/.cache.json
180 verbose correctMkdir /home/viet/.npm correctMkdir not in flight; initializing
181 silly resolveWithNewModule sorted-object@2.0.1 checking installable status
182 silly cache add args [ 'sorted-object@2.0.1', null ]
183 verbose cache add spec sorted-object@2.0.1
184 silly cache add parsed spec Result {
184 silly cache add   raw: 'sorted-object@2.0.1',
184 silly cache add   scope: null,
184 silly cache add   escapedName: 'sorted-object',
184 silly cache add   name: 'sorted-object',
184 silly cache add   rawSpec: '2.0.1',
184 silly cache add   spec: '2.0.1',
184 silly cache add   type: 'version' }
185 silly addNamed sorted-object@2.0.1
186 verbose addNamed "2.0.1" is a plain semver version for sorted-object
187 silly mapToRegistry name sorted-object
188 silly mapToRegistry using default registry
189 silly mapToRegistry registry https://registry.npmjs.org/
190 silly mapToRegistry data Result {
190 silly mapToRegistry   raw: 'sorted-object',
190 silly mapToRegistry   scope: null,
190 silly mapToRegistry   escapedName: 'sorted-object',
190 silly mapToRegistry   name: 'sorted-object',
190 silly mapToRegistry   rawSpec: '',
190 silly mapToRegistry   spec: 'latest',
190 silly mapToRegistry   type: 'tag' }
191 silly mapToRegistry uri https://registry.npmjs.org/sorted-object
192 verbose addNameVersion registry:https://registry.npmjs.org/sorted-object not in flight; fetching
193 verbose get https://registry.npmjs.org/sorted-object not expired, no request
194 silly cache afterAdd sorted-object@2.0.1
195 verbose afterAdd /home/viet/.npm/sorted-object/2.0.1/package/package.json not in flight; writing
196 verbose correctMkdir /home/viet/.npm correctMkdir not in flight; initializing
197 verbose afterAdd /home/viet/.npm/sorted-object/2.0.1/package/package.json written
198 silly fetchNamedPackageData graceful-readlink
199 silly mapToRegistry name graceful-readlink
200 silly mapToRegistry using default registry
201 silly mapToRegistry registry https://registry.npmjs.org/
202 silly mapToRegistry data Result {
202 silly mapToRegistry   raw: 'graceful-readlink',
202 silly mapToRegistry   scope: null,
202 silly mapToRegistry   escapedName: 'graceful-readlink',
202 silly mapToRegistry   name: 'graceful-readlink',
202 silly mapToRegistry   rawSpec: '',
202 silly mapToRegistry   spec: 'latest',
202 silly mapToRegistry   type: 'tag' }
203 silly mapToRegistry uri https://registry.npmjs.org/graceful-readlink
204 verbose request uri https://registry.npmjs.org/graceful-readlink
205 verbose request no auth needed
206 info attempt registry request try #1 at 1:32:18 AM
207 verbose lastModified Sat, 24 Dec 2016 22:39:10 GMT
208 http request GET https://registry.npmjs.org/graceful-readlink
209 http 200 https://registry.npmjs.org/graceful-readlink
210 verbose headers { server: 'nginx/1.4.6 (Ubuntu)',
210 verbose headers   'content-type': 'application/json',
210 verbose headers   'last-modified': 'Sat, 24 Dec 2016 22:39:10 GMT',
210 verbose headers   'content-encoding': 'gzip',
210 verbose headers   'cache-control': 'max-age=300',
210 verbose headers   'content-length': '983',
210 verbose headers   'accept-ranges': 'bytes',
210 verbose headers   date: 'Thu, 13 Apr 2017 18:32:18 GMT',
210 verbose headers   via: '1.1 varnish',
210 verbose headers   age: '104',
210 verbose headers   connection: 'keep-alive',
210 verbose headers   'x-served-by': 'cache-hkg6821-HKG',
210 verbose headers   'x-cache': 'HIT',
210 verbose headers   'x-cache-hits': '1',
210 verbose headers   'x-timer': 'S1492108339.502954,VS0,VE0',
210 verbose headers   vary: 'Accept-Encoding' }
211 silly get cb [ 200,
211 silly get   { server: 'nginx/1.4.6 (Ubuntu)',
211 silly get     'content-type': 'application/json',
211 silly get     'last-modified': 'Sat, 24 Dec 2016 22:39:10 GMT',
211 silly get     'content-encoding': 'gzip',
211 silly get     'cache-control': 'max-age=300',
211 silly get     'content-length': '983',
211 silly get     'accept-ranges': 'bytes',
211 silly get     date: 'Thu, 13 Apr 2017 18:32:18 GMT',
211 silly get     via: '1.1 varnish',
211 silly get     age: '104',
211 silly get     connection: 'keep-alive',
211 silly get     'x-served-by': 'cache-hkg6821-HKG',
211 silly get     'x-cache': 'HIT',
211 silly get     'x-cache-hits': '1',
211 silly get     'x-timer': 'S1492108339.502954,VS0,VE0',
211 silly get     vary: 'Accept-Encoding' } ]
212 verbose get saving graceful-readlink to /home/viet/.npm/registry.npmjs.org/graceful-readlink/.cache.json
213 verbose correctMkdir /home/viet/.npm correctMkdir not in flight; initializing
214 silly resolveWithNewModule graceful-readlink@1.0.1 checking installable status
215 silly cache add args [ 'graceful-readlink@>= 1.0.0', null ]
216 verbose cache add spec graceful-readlink@>= 1.0.0
217 silly cache add parsed spec Result {
217 silly cache add   raw: 'graceful-readlink@>= 1.0.0',
217 silly cache add   scope: null,
217 silly cache add   escapedName: 'graceful-readlink',
217 silly cache add   name: 'graceful-readlink',
217 silly cache add   rawSpec: '>= 1.0.0',
217 silly cache add   spec: '>=1.0.0',
217 silly cache add   type: 'range' }
218 silly addNamed graceful-readlink@>=1.0.0
219 verbose addNamed ">=1.0.0" is a valid semver range for graceful-readlink
220 silly addNameRange { name: 'graceful-readlink', range: '>=1.0.0', hasData: false }
221 silly mapToRegistry name graceful-readlink
222 silly mapToRegistry using default registry
223 silly mapToRegistry registry https://registry.npmjs.org/
224 silly mapToRegistry data Result {
224 silly mapToRegistry   raw: 'graceful-readlink',
224 silly mapToRegistry   scope: null,
224 silly mapToRegistry   escapedName: 'graceful-readlink',
224 silly mapToRegistry   name: 'graceful-readlink',
224 silly mapToRegistry   rawSpec: '',
224 silly mapToRegistry   spec: 'latest',
224 silly mapToRegistry   type: 'tag' }
225 silly mapToRegistry uri https://registry.npmjs.org/graceful-readlink
226 verbose addNameRange registry:https://registry.npmjs.org/graceful-readlink not in flight; fetching
227 verbose get https://registry.npmjs.org/graceful-readlink not expired, no request
228 silly addNameRange number 2 { name: 'graceful-readlink', range: '>=1.0.0', hasData: true }
229 silly addNameRange versions [ 'graceful-readlink', [ '1.0.0', '1.0.1' ] ]
230 silly addNamed graceful-readlink@1.0.1
231 verbose addNamed "1.0.1" is a plain semver version for graceful-readlink
232 silly cache afterAdd graceful-readlink@1.0.1
233 verbose afterAdd /home/viet/.npm/graceful-readlink/1.0.1/package/package.json not in flight; writing
234 verbose correctMkdir /home/viet/.npm correctMkdir not in flight; initializing
235 verbose afterAdd /home/viet/.npm/graceful-readlink/1.0.1/package/package.json written
236 silly fetchNamedPackageData minimist
237 silly mapToRegistry name minimist
238 silly mapToRegistry using default registry
239 silly mapToRegistry registry https://registry.npmjs.org/
240 silly mapToRegistry data Result {
240 silly mapToRegistry   raw: 'minimist',
240 silly mapToRegistry   scope: null,
240 silly mapToRegistry   escapedName: 'minimist',
240 silly mapToRegistry   name: 'minimist',
240 silly mapToRegistry   rawSpec: '',
240 silly mapToRegistry   spec: 'latest',
240 silly mapToRegistry   type: 'tag' }
241 silly mapToRegistry uri https://registry.npmjs.org/minimist
242 verbose request uri https://registry.npmjs.org/minimist
243 verbose request no auth needed
244 info attempt registry request try #1 at 1:32:18 AM
245 verbose lastModified Tue, 11 Apr 2017 11:59:18 GMT
246 http request GET https://registry.npmjs.org/minimist
247 http 200 https://registry.npmjs.org/minimist
248 verbose headers { server: 'nginx/1.10.1',
248 verbose headers   'content-type': 'application/json',
248 verbose headers   'last-modified': 'Tue, 11 Apr 2017 11:59:18 GMT',
248 verbose headers   etag: 'W/"58ecc516-74f8"',
248 verbose headers   'content-encoding': 'gzip',
248 verbose headers   'cache-control': 'max-age=300',
248 verbose headers   'content-length': '5731',
248 verbose headers   'accept-ranges': 'bytes',
248 verbose headers   date: 'Thu, 13 Apr 2017 18:32:18 GMT',
248 verbose headers   via: '1.1 varnish',
248 verbose headers   age: '201',
248 verbose headers   connection: 'keep-alive',
248 verbose headers   'x-served-by': 'cache-hkg6826-HKG',
248 verbose headers   'x-cache': 'HIT',
248 verbose headers   'x-cache-hits': '7',
248 verbose headers   'x-timer': 'S1492108339.729131,VS0,VE0',
248 verbose headers   vary: 'Accept-Encoding' }
249 silly get cb [ 200,
249 silly get   { server: 'nginx/1.10.1',
249 silly get     'content-type': 'application/json',
249 silly get     'last-modified': 'Tue, 11 Apr 2017 11:59:18 GMT',
249 silly get     etag: 'W/"58ecc516-74f8"',
249 silly get     'content-encoding': 'gzip',
249 silly get     'cache-control': 'max-age=300',
249 silly get     'content-length': '5731',
249 silly get     'accept-ranges': 'bytes',
249 silly get     date: 'Thu, 13 Apr 2017 18:32:18 GMT',
249 silly get     via: '1.1 varnish',
249 silly get     age: '201',
249 silly get     connection: 'keep-alive',
249 silly get     'x-served-by': 'cache-hkg6826-HKG',
249 silly get     'x-cache': 'HIT',
249 silly get     'x-cache-hits': '7',
249 silly get     'x-timer': 'S1492108339.729131,VS0,VE0',
249 silly get     vary: 'Accept-Encoding' } ]
250 verbose get saving minimist to /home/viet/.npm/registry.npmjs.org/minimist/.cache.json
251 verbose correctMkdir /home/viet/.npm correctMkdir not in flight; initializing
252 silly resolveWithNewModule minimist@0.0.8 checking installable status
253 silly cache add args [ 'minimist@0.0.8', null ]
254 verbose cache add spec minimist@0.0.8
255 silly cache add parsed spec Result {
255 silly cache add   raw: 'minimist@0.0.8',
255 silly cache add   scope: null,
255 silly cache add   escapedName: 'minimist',
255 silly cache add   name: 'minimist',
255 silly cache add   rawSpec: '0.0.8',
255 silly cache add   spec: '0.0.8',
255 silly cache add   type: 'version' }
256 silly addNamed minimist@0.0.8
257 verbose addNamed "0.0.8" is a plain semver version for minimist
258 silly mapToRegistry name minimist
259 silly mapToRegistry using default registry
260 silly mapToRegistry registry https://registry.npmjs.org/
261 silly mapToRegistry data Result {
261 silly mapToRegistry   raw: 'minimist',
261 silly mapToRegistry   scope: null,
261 silly mapToRegistry   escapedName: 'minimist',
261 silly mapToRegistry   name: 'minimist',
261 silly mapToRegistry   rawSpec: '',
261 silly mapToRegistry   spec: 'latest',
261 silly mapToRegistry   type: 'tag' }
262 silly mapToRegistry uri https://registry.npmjs.org/minimist
263 verbose addNameVersion registry:https://registry.npmjs.org/minimist not in flight; fetching
264 verbose get https://registry.npmjs.org/minimist not expired, no request
265 silly cache afterAdd minimist@0.0.8
266 verbose afterAdd /home/viet/.npm/minimist/0.0.8/package/package.json not in flight; writing
267 verbose correctMkdir /home/viet/.npm correctMkdir not in flight; initializing
268 verbose afterAdd /home/viet/.npm/minimist/0.0.8/package/package.json written
269 silly loadAllDepsIntoIdealTree Finishing
270 silly loadIdealTree Finishing
271 silly currentTree lib
272 silly idealTree lib
272 silly idealTree └─┬ express-generator@4.15.0
272 silly idealTree   ├── commander@2.9.0
272 silly idealTree   ├── ejs@2.5.6
272 silly idealTree   ├── graceful-readlink@1.0.1
272 silly idealTree   ├── minimist@0.0.8
272 silly idealTree   ├── mkdirp@0.5.1
272 silly idealTree   └── sorted-object@2.0.1
273 silly generateActionsToTake Starting
274 silly install generateActionsToTake
275 warn checkPermissions Missing write access to /usr/lib/node_modules
276 silly rollbackFailedOptional Starting
277 silly rollbackFailedOptional Finishing
278 silly runTopLevelLifecycles Finishing
279 silly install printInstalled
280 verbose stack Error: EACCES: permission denied, access '/usr/lib/node_modules'
280 verbose stack     at Error (native)
281 verbose cwd /home/viet/Desktop/chuyendecongnghe
282 error Linux 4.8.0-45-generic
283 error argv "/usr/bin/nodejs" "/usr/bin/npm" "install" "-g" "express-generator"
284 error node v6.10.1
285 error npm  v3.10.10
286 error path /usr/lib/node_modules
287 error code EACCES
288 error errno -13
289 error syscall access
290 error Error: EACCES: permission denied, access '/usr/lib/node_modules'
290 error     at Error (native)
290 error  { Error: EACCES: permission denied, access '/usr/lib/node_modules'
290 error     at Error (native)
290 error   errno: -13,
290 error   code: 'EACCES',
290 error   syscall: 'access',
290 error   path: '/usr/lib/node_modules' }
291 error Please try running this command again as root/Administrator.
292 verbose exit [ -13, true ]
