0 info it worked if it ends with ok
1 verbose cli [ '/usr/bin/nodejs',
1 verbose cli   '/usr/bin/npm',
1 verbose cli   'install',
1 verbose cli   '-g',
1 verbose cli   'express-generator' ]
2 info using npm@3.10.10
3 info using node@v6.10.1
4 silly loadCurrentTree Starting
5 silly install loadCurrentTree
6 silly install readGlobalPackageData
7 silly fetchPackageMetaData express-generator
8 silly fetchNamedPackageData express-generator
9 silly mapToRegistry name express-generator
10 silly mapToRegistry using default registry
11 silly mapToRegistry registry https://registry.npmjs.org/
12 silly mapToRegistry data Result {
12 silly mapToRegistry   raw: 'express-generator',
12 silly mapToRegistry   scope: null,
12 silly mapToRegistry   escapedName: 'express-generator',
12 silly mapToRegistry   name: 'express-generator',
12 silly mapToRegistry   rawSpec: '',
12 silly mapToRegistry   spec: 'latest',
12 silly mapToRegistry   type: 'tag' }
13 silly mapToRegistry uri https://registry.npmjs.org/express-generator
14 verbose request uri https://registry.npmjs.org/express-generator
15 verbose request no auth needed
16 info attempt registry request try #1 at 1:34:36 AM
17 verbose request id 31e0b94d5c8a4b4f
18 verbose etag W/"58ef0de9-9e89"
19 verbose lastModified Thu, 13 Apr 2017 05:34:33 GMT
20 http request GET https://registry.npmjs.org/express-generator
21 http 304 https://registry.npmjs.org/express-generator
22 verbose headers { date: 'Thu, 13 Apr 2017 18:34:42 GMT',
22 verbose headers   via: '1.1 varnish',
22 verbose headers   'cache-control': 'max-age=300',
22 verbose headers   etag: 'W/"58ef0de9-9e89"',
22 verbose headers   age: '145',
22 verbose headers   connection: 'keep-alive',
22 verbose headers   'x-served-by': 'cache-hkg6821-HKG',
22 verbose headers   'x-cache': 'HIT',
22 verbose headers   'x-cache-hits': '1',
22 verbose headers   'x-timer': 'S1492108482.463652,VS0,VE0',
22 verbose headers   vary: 'Accept-Encoding' }
23 silly get cb [ 304,
23 silly get   { date: 'Thu, 13 Apr 2017 18:34:42 GMT',
23 silly get     via: '1.1 varnish',
23 silly get     'cache-control': 'max-age=300',
23 silly get     etag: 'W/"58ef0de9-9e89"',
23 silly get     age: '145',
23 silly get     connection: 'keep-alive',
23 silly get     'x-served-by': 'cache-hkg6821-HKG',
23 silly get     'x-cache': 'HIT',
23 silly get     'x-cache-hits': '1',
23 silly get     'x-timer': 'S1492108482.463652,VS0,VE0',
23 silly get     vary: 'Accept-Encoding' } ]
24 verbose etag https://registry.npmjs.org/express-generator from cache
25 verbose get saving express-generator to /home/viet/.npm/registry.npmjs.org/express-generator/.cache.json
26 verbose correctMkdir /home/viet/.npm correctMkdir not in flight; initializing
27 silly install normalizeTree
28 silly loadCurrentTree Finishing
29 silly loadIdealTree Starting
30 silly install loadIdealTree
31 silly cloneCurrentTree Starting
32 silly install cloneCurrentTreeToIdealTree
33 silly cloneCurrentTree Finishing
34 silly loadShrinkwrap Starting
35 silly install loadShrinkwrap
36 silly loadShrinkwrap Finishing
37 silly loadAllDepsIntoIdealTree Starting
38 silly install loadAllDepsIntoIdealTree
39 silly resolveWithNewModule express-generator@4.15.0 checking installable status
40 silly cache add args [ 'express-generator', null ]
41 verbose cache add spec express-generator
42 silly cache add parsed spec Result {
42 silly cache add   raw: 'express-generator',
42 silly cache add   scope: null,
42 silly cache add   escapedName: 'express-generator',
42 silly cache add   name: 'express-generator',
42 silly cache add   rawSpec: '',
42 silly cache add   spec: 'latest',
42 silly cache add   type: 'tag' }
43 silly addNamed express-generator@latest
44 verbose addNamed "latest" is being treated as a dist-tag for express-generator
45 info addNameTag [ 'express-generator', 'latest' ]
46 silly mapToRegistry name express-generator
47 silly mapToRegistry using default registry
48 silly mapToRegistry registry https://registry.npmjs.org/
49 silly mapToRegistry data Result {
49 silly mapToRegistry   raw: 'express-generator',
49 silly mapToRegistry   scope: null,
49 silly mapToRegistry   escapedName: 'express-generator',
49 silly mapToRegistry   name: 'express-generator',
49 silly mapToRegistry   rawSpec: '',
49 silly mapToRegistry   spec: 'latest',
49 silly mapToRegistry   type: 'tag' }
50 silly mapToRegistry uri https://registry.npmjs.org/express-generator
51 verbose addNameTag registry:https://registry.npmjs.org/express-generator not in flight; fetching
52 verbose get https://registry.npmjs.org/express-generator not expired, no request
53 silly addNameTag next cb for express-generator with tag latest
54 silly addNamed express-generator@4.15.0
55 verbose addNamed "4.15.0" is a plain semver version for express-generator
56 silly cache afterAdd express-generator@4.15.0
57 verbose afterAdd /home/viet/.npm/express-generator/4.15.0/package/package.json not in flight; writing
58 verbose correctMkdir /home/viet/.npm correctMkdir not in flight; initializing
59 verbose afterAdd /home/viet/.npm/express-generator/4.15.0/package/package.json written
60 silly fetchNamedPackageData commander
61 silly mapToRegistry name commander
62 silly mapToRegistry using default registry
63 silly mapToRegistry registry https://registry.npmjs.org/
64 silly mapToRegistry data Result {
64 silly mapToRegistry   raw: 'commander',
64 silly mapToRegistry   scope: null,
64 silly mapToRegistry   escapedName: 'commander',
64 silly mapToRegistry   name: 'commander',
64 silly mapToRegistry   rawSpec: '',
64 silly mapToRegistry   spec: 'latest',
64 silly mapToRegistry   type: 'tag' }
65 silly mapToRegistry uri https://registry.npmjs.org/commander
66 silly fetchNamedPackageData ejs
67 silly mapToRegistry name ejs
68 silly mapToRegistry using default registry
69 silly mapToRegistry registry https://registry.npmjs.org/
70 silly mapToRegistry data Result {
70 silly mapToRegistry   raw: 'ejs',
70 silly mapToRegistry   scope: null,
70 silly mapToRegistry   escapedName: 'ejs',
70 silly mapToRegistry   name: 'ejs',
70 silly mapToRegistry   rawSpec: '',
70 silly mapToRegistry   spec: 'latest',
70 silly mapToRegistry   type: 'tag' }
71 silly mapToRegistry uri https://registry.npmjs.org/ejs
72 silly fetchNamedPackageData mkdirp
73 silly mapToRegistry name mkdirp
74 silly mapToRegistry using default registry
75 silly mapToRegistry registry https://registry.npmjs.org/
76 silly mapToRegistry data Result {
76 silly mapToRegistry   raw: 'mkdirp',
76 silly mapToRegistry   scope: null,
76 silly mapToRegistry   escapedName: 'mkdirp',
76 silly mapToRegistry   name: 'mkdirp',
76 silly mapToRegistry   rawSpec: '',
76 silly mapToRegistry   spec: 'latest',
76 silly mapToRegistry   type: 'tag' }
77 silly mapToRegistry uri https://registry.npmjs.org/mkdirp
78 silly fetchNamedPackageData sorted-object
79 silly mapToRegistry name sorted-object
80 silly mapToRegistry using default registry
81 silly mapToRegistry registry https://registry.npmjs.org/
82 silly mapToRegistry data Result {
82 silly mapToRegistry   raw: 'sorted-object',
82 silly mapToRegistry   scope: null,
82 silly mapToRegistry   escapedName: 'sorted-object',
82 silly mapToRegistry   name: 'sorted-object',
82 silly mapToRegistry   rawSpec: '',
82 silly mapToRegistry   spec: 'latest',
82 silly mapToRegistry   type: 'tag' }
83 silly mapToRegistry uri https://registry.npmjs.org/sorted-object
84 verbose request uri https://registry.npmjs.org/ejs
85 verbose request no auth needed
86 info attempt registry request try #1 at 1:34:42 AM
87 verbose etag W/"58e3bc94-109ad"
88 verbose lastModified Tue, 04 Apr 2017 15:32:36 GMT
89 http request GET https://registry.npmjs.org/ejs
90 verbose request uri https://registry.npmjs.org/commander
91 verbose request no auth needed
92 info attempt registry request try #1 at 1:34:42 AM
93 verbose etag W/"58ee5262-10228"
94 verbose lastModified Wed, 12 Apr 2017 16:14:26 GMT
95 http request GET https://registry.npmjs.org/commander
96 verbose request uri https://registry.npmjs.org/sorted-object
97 verbose request no auth needed
98 info attempt registry request try #1 at 1:34:42 AM
99 verbose etag W/"57d499b1-1545"
100 verbose lastModified Sat, 10 Sep 2016 23:39:29 GMT
101 http request GET https://registry.npmjs.org/sorted-object
102 verbose request uri https://registry.npmjs.org/mkdirp
103 verbose request no auth needed
104 info attempt registry request try #1 at 1:34:42 AM
105 verbose etag W/"58ecb4c9-62fd"
106 verbose lastModified Tue, 11 Apr 2017 10:49:45 GMT
107 http request GET https://registry.npmjs.org/mkdirp
108 http 304 https://registry.npmjs.org/ejs
109 verbose headers { date: 'Thu, 13 Apr 2017 18:34:42 GMT',
109 verbose headers   via: '1.1 varnish',
109 verbose headers   'cache-control': 'max-age=300',
109 verbose headers   etag: 'W/"58e3bc94-109ad"',
109 verbose headers   age: '165',
109 verbose headers   connection: 'keep-alive',
109 verbose headers   'x-served-by': 'cache-hkg6821-HKG',
109 verbose headers   'x-cache': 'HIT',
109 verbose headers   'x-cache-hits': '2',
109 verbose headers   'x-timer': 'S1492108483.728959,VS0,VE0',
109 verbose headers   vary: 'Accept-Encoding' }
110 silly get cb [ 304,
110 silly get   { date: 'Thu, 13 Apr 2017 18:34:42 GMT',
110 silly get     via: '1.1 varnish',
110 silly get     'cache-control': 'max-age=300',
110 silly get     etag: 'W/"58e3bc94-109ad"',
110 silly get     age: '165',
110 silly get     connection: 'keep-alive',
110 silly get     'x-served-by': 'cache-hkg6821-HKG',
110 silly get     'x-cache': 'HIT',
110 silly get     'x-cache-hits': '2',
110 silly get     'x-timer': 'S1492108483.728959,VS0,VE0',
110 silly get     vary: 'Accept-Encoding' } ]
111 verbose etag https://registry.npmjs.org/ejs from cache
112 verbose get saving ejs to /home/viet/.npm/registry.npmjs.org/ejs/.cache.json
113 verbose correctMkdir /home/viet/.npm correctMkdir not in flight; initializing
114 silly resolveWithNewModule ejs@2.5.6 checking installable status
115 silly cache add args [ 'ejs@2.5.6', null ]
116 verbose cache add spec ejs@2.5.6
117 silly cache add parsed spec Result {
117 silly cache add   raw: 'ejs@2.5.6',
117 silly cache add   scope: null,
117 silly cache add   escapedName: 'ejs',
117 silly cache add   name: 'ejs',
117 silly cache add   rawSpec: '2.5.6',
117 silly cache add   spec: '2.5.6',
117 silly cache add   type: 'version' }
118 silly addNamed ejs@2.5.6
119 verbose addNamed "2.5.6" is a plain semver version for ejs
120 silly mapToRegistry name ejs
121 silly mapToRegistry using default registry
122 silly mapToRegistry registry https://registry.npmjs.org/
123 silly mapToRegistry data Result {
123 silly mapToRegistry   raw: 'ejs',
123 silly mapToRegistry   scope: null,
123 silly mapToRegistry   escapedName: 'ejs',
123 silly mapToRegistry   name: 'ejs',
123 silly mapToRegistry   rawSpec: '',
123 silly mapToRegistry   spec: 'latest',
123 silly mapToRegistry   type: 'tag' }
124 silly mapToRegistry uri https://registry.npmjs.org/ejs
125 verbose addNameVersion registry:https://registry.npmjs.org/ejs not in flight; fetching
126 verbose get https://registry.npmjs.org/ejs not expired, no request
127 silly cache afterAdd ejs@2.5.6
128 verbose afterAdd /home/viet/.npm/ejs/2.5.6/package/package.json not in flight; writing
129 verbose correctMkdir /home/viet/.npm correctMkdir not in flight; initializing
130 verbose afterAdd /home/viet/.npm/ejs/2.5.6/package/package.json written
131 http 304 https://registry.npmjs.org/commander
132 verbose headers { date: 'Thu, 13 Apr 2017 18:34:43 GMT',
132 verbose headers   via: '1.1 varnish',
132 verbose headers   'cache-control': 'max-age=300',
132 verbose headers   etag: 'W/"58ee5262-10228"',
132 verbose headers   age: '249',
132 verbose headers   connection: 'keep-alive',
132 verbose headers   'x-served-by': 'cache-hkg6826-HKG',
132 verbose headers   'x-cache': 'HIT',
132 verbose headers   'x-cache-hits': '4',
132 verbose headers   'x-timer': 'S1492108483.270907,VS0,VE0',
132 verbose headers   vary: 'Accept-Encoding' }
133 silly get cb [ 304,
133 silly get   { date: 'Thu, 13 Apr 2017 18:34:43 GMT',
133 silly get     via: '1.1 varnish',
133 silly get     'cache-control': 'max-age=300',
133 silly get     etag: 'W/"58ee5262-10228"',
133 silly get     age: '249',
133 silly get     connection: 'keep-alive',
133 silly get     'x-served-by': 'cache-hkg6826-HKG',
133 silly get     'x-cache': 'HIT',
133 silly get     'x-cache-hits': '4',
133 silly get     'x-timer': 'S1492108483.270907,VS0,VE0',
133 silly get     vary: 'Accept-Encoding' } ]
134 verbose etag https://registry.npmjs.org/commander from cache
135 verbose get saving commander to /home/viet/.npm/registry.npmjs.org/commander/.cache.json
136 verbose correctMkdir /home/viet/.npm correctMkdir not in flight; initializing
137 http 304 https://registry.npmjs.org/sorted-object
138 verbose headers { date: 'Thu, 13 Apr 2017 18:34:43 GMT',
138 verbose headers   via: '1.1 varnish',
138 verbose headers   'cache-control': 'max-age=300',
138 verbose headers   etag: 'W/"57d499b1-1545"',
138 verbose headers   age: '145',
138 verbose headers   connection: 'keep-alive',
138 verbose headers   'x-served-by': 'cache-hkg6821-HKG',
138 verbose headers   'x-cache': 'HIT',
138 verbose headers   'x-cache-hits': '1',
138 verbose headers   'x-timer': 'S1492108483.271848,VS0,VE0',
138 verbose headers   vary: 'Accept-Encoding' }
139 silly get cb [ 304,
139 silly get   { date: 'Thu, 13 Apr 2017 18:34:43 GMT',
139 silly get     via: '1.1 varnish',
139 silly get     'cache-control': 'max-age=300',
139 silly get     etag: 'W/"57d499b1-1545"',
139 silly get     age: '145',
139 silly get     connection: 'keep-alive',
139 silly get     'x-served-by': 'cache-hkg6821-HKG',
139 silly get     'x-cache': 'HIT',
139 silly get     'x-cache-hits': '1',
139 silly get     'x-timer': 'S1492108483.271848,VS0,VE0',
139 silly get     vary: 'Accept-Encoding' } ]
140 verbose etag https://registry.npmjs.org/sorted-object from cache
141 verbose get saving sorted-object to /home/viet/.npm/registry.npmjs.org/sorted-object/.cache.json
142 verbose correctMkdir /home/viet/.npm correctMkdir not in flight; initializing
143 http 304 https://registry.npmjs.org/mkdirp
144 verbose headers { date: 'Thu, 13 Apr 2017 18:34:43 GMT',
144 verbose headers   via: '1.1 varnish',
144 verbose headers   'cache-control': 'max-age=300',
144 verbose headers   etag: 'W/"58ecb4c9-62fd"',
144 verbose headers   age: '191',
144 verbose headers   connection: 'keep-alive',
144 verbose headers   'x-served-by': 'cache-hkg6820-HKG',
144 verbose headers   'x-cache': 'HIT',
144 verbose headers   'x-cache-hits': '3',
144 verbose headers   'x-timer': 'S1492108483.278932,VS0,VE0',
144 verbose headers   vary: 'Accept-Encoding' }
145 silly get cb [ 304,
145 silly get   { date: 'Thu, 13 Apr 2017 18:34:43 GMT',
145 silly get     via: '1.1 varnish',
145 silly get     'cache-control': 'max-age=300',
145 silly get     etag: 'W/"58ecb4c9-62fd"',
145 silly get     age: '191',
145 silly get     connection: 'keep-alive',
145 silly get     'x-served-by': 'cache-hkg6820-HKG',
145 silly get     'x-cache': 'HIT',
145 silly get     'x-cache-hits': '3',
145 silly get     'x-timer': 'S1492108483.278932,VS0,VE0',
145 silly get     vary: 'Accept-Encoding' } ]
146 verbose etag https://registry.npmjs.org/mkdirp from cache
147 verbose get saving mkdirp to /home/viet/.npm/registry.npmjs.org/mkdirp/.cache.json
148 verbose correctMkdir /home/viet/.npm correctMkdir not in flight; initializing
149 silly resolveWithNewModule sorted-object@2.0.1 checking installable status
150 silly cache add args [ 'sorted-object@2.0.1', null ]
151 verbose cache add spec sorted-object@2.0.1
152 silly cache add parsed spec Result {
152 silly cache add   raw: 'sorted-object@2.0.1',
152 silly cache add   scope: null,
152 silly cache add   escapedName: 'sorted-object',
152 silly cache add   name: 'sorted-object',
152 silly cache add   rawSpec: '2.0.1',
152 silly cache add   spec: '2.0.1',
152 silly cache add   type: 'version' }
153 silly addNamed sorted-object@2.0.1
154 verbose addNamed "2.0.1" is a plain semver version for sorted-object
155 silly mapToRegistry name sorted-object
156 silly mapToRegistry using default registry
157 silly mapToRegistry registry https://registry.npmjs.org/
158 silly mapToRegistry data Result {
158 silly mapToRegistry   raw: 'sorted-object',
158 silly mapToRegistry   scope: null,
158 silly mapToRegistry   escapedName: 'sorted-object',
158 silly mapToRegistry   name: 'sorted-object',
158 silly mapToRegistry   rawSpec: '',
158 silly mapToRegistry   spec: 'latest',
158 silly mapToRegistry   type: 'tag' }
159 silly mapToRegistry uri https://registry.npmjs.org/sorted-object
160 verbose addNameVersion registry:https://registry.npmjs.org/sorted-object not in flight; fetching
161 silly resolveWithNewModule commander@2.9.0 checking installable status
162 silly cache add args [ 'commander@2.9.0', null ]
163 verbose cache add spec commander@2.9.0
164 silly cache add parsed spec Result {
164 silly cache add   raw: 'commander@2.9.0',
164 silly cache add   scope: null,
164 silly cache add   escapedName: 'commander',
164 silly cache add   name: 'commander',
164 silly cache add   rawSpec: '2.9.0',
164 silly cache add   spec: '2.9.0',
164 silly cache add   type: 'version' }
165 silly addNamed commander@2.9.0
166 verbose addNamed "2.9.0" is a plain semver version for commander
167 silly mapToRegistry name commander
168 silly mapToRegistry using default registry
169 silly mapToRegistry registry https://registry.npmjs.org/
170 silly mapToRegistry data Result {
170 silly mapToRegistry   raw: 'commander',
170 silly mapToRegistry   scope: null,
170 silly mapToRegistry   escapedName: 'commander',
170 silly mapToRegistry   name: 'commander',
170 silly mapToRegistry   rawSpec: '',
170 silly mapToRegistry   spec: 'latest',
170 silly mapToRegistry   type: 'tag' }
171 silly mapToRegistry uri https://registry.npmjs.org/commander
172 verbose addNameVersion registry:https://registry.npmjs.org/commander not in flight; fetching
173 silly resolveWithNewModule mkdirp@0.5.1 checking installable status
174 silly cache add args [ 'mkdirp@0.5.1', null ]
175 verbose cache add spec mkdirp@0.5.1
176 silly cache add parsed spec Result {
176 silly cache add   raw: 'mkdirp@0.5.1',
176 silly cache add   scope: null,
176 silly cache add   escapedName: 'mkdirp',
176 silly cache add   name: 'mkdirp',
176 silly cache add   rawSpec: '0.5.1',
176 silly cache add   spec: '0.5.1',
176 silly cache add   type: 'version' }
177 silly addNamed mkdirp@0.5.1
178 verbose addNamed "0.5.1" is a plain semver version for mkdirp
179 silly mapToRegistry name mkdirp
180 silly mapToRegistry using default registry
181 silly mapToRegistry registry https://registry.npmjs.org/
182 silly mapToRegistry data Result {
182 silly mapToRegistry   raw: 'mkdirp',
182 silly mapToRegistry   scope: null,
182 silly mapToRegistry   escapedName: 'mkdirp',
182 silly mapToRegistry   name: 'mkdirp',
182 silly mapToRegistry   rawSpec: '',
182 silly mapToRegistry   spec: 'latest',
182 silly mapToRegistry   type: 'tag' }
183 silly mapToRegistry uri https://registry.npmjs.org/mkdirp
184 verbose addNameVersion registry:https://registry.npmjs.org/mkdirp not in flight; fetching
185 verbose get https://registry.npmjs.org/sorted-object not expired, no request
186 verbose get https://registry.npmjs.org/commander not expired, no request
187 verbose get https://registry.npmjs.org/mkdirp not expired, no request
188 silly cache afterAdd sorted-object@2.0.1
189 verbose afterAdd /home/viet/.npm/sorted-object/2.0.1/package/package.json not in flight; writing
190 verbose correctMkdir /home/viet/.npm correctMkdir not in flight; initializing
191 silly cache afterAdd commander@2.9.0
192 verbose afterAdd /home/viet/.npm/commander/2.9.0/package/package.json not in flight; writing
193 verbose correctMkdir /home/viet/.npm correctMkdir not in flight; initializing
194 silly cache afterAdd mkdirp@0.5.1
195 verbose afterAdd /home/viet/.npm/mkdirp/0.5.1/package/package.json not in flight; writing
196 verbose correctMkdir /home/viet/.npm correctMkdir not in flight; initializing
197 verbose afterAdd /home/viet/.npm/commander/2.9.0/package/package.json written
198 verbose afterAdd /home/viet/.npm/sorted-object/2.0.1/package/package.json written
199 verbose afterAdd /home/viet/.npm/mkdirp/0.5.1/package/package.json written
200 silly fetchNamedPackageData graceful-readlink
201 silly mapToRegistry name graceful-readlink
202 silly mapToRegistry using default registry
203 silly mapToRegistry registry https://registry.npmjs.org/
204 silly mapToRegistry data Result {
204 silly mapToRegistry   raw: 'graceful-readlink',
204 silly mapToRegistry   scope: null,
204 silly mapToRegistry   escapedName: 'graceful-readlink',
204 silly mapToRegistry   name: 'graceful-readlink',
204 silly mapToRegistry   rawSpec: '',
204 silly mapToRegistry   spec: 'latest',
204 silly mapToRegistry   type: 'tag' }
205 silly mapToRegistry uri https://registry.npmjs.org/graceful-readlink
206 verbose request uri https://registry.npmjs.org/graceful-readlink
207 verbose request no auth needed
208 info attempt registry request try #1 at 1:34:43 AM
209 verbose lastModified Sat, 24 Dec 2016 22:39:10 GMT
210 http request GET https://registry.npmjs.org/graceful-readlink
211 http 200 https://registry.npmjs.org/graceful-readlink
212 verbose headers { server: 'nginx/1.4.6 (Ubuntu)',
212 verbose headers   'content-type': 'application/json',
212 verbose headers   'last-modified': 'Sat, 24 Dec 2016 22:39:10 GMT',
212 verbose headers   'content-encoding': 'gzip',
212 verbose headers   'cache-control': 'max-age=300',
212 verbose headers   'content-length': '983',
212 verbose headers   'accept-ranges': 'bytes',
212 verbose headers   date: 'Thu, 13 Apr 2017 18:34:43 GMT',
212 verbose headers   via: '1.1 varnish',
212 verbose headers   age: '249',
212 verbose headers   connection: 'keep-alive',
212 verbose headers   'x-served-by': 'cache-hkg6821-HKG',
212 verbose headers   'x-cache': 'HIT',
212 verbose headers   'x-cache-hits': '2',
212 verbose headers   'x-timer': 'S1492108484.551659,VS0,VE0',
212 verbose headers   vary: 'Accept-Encoding' }
213 silly get cb [ 200,
213 silly get   { server: 'nginx/1.4.6 (Ubuntu)',
213 silly get     'content-type': 'application/json',
213 silly get     'last-modified': 'Sat, 24 Dec 2016 22:39:10 GMT',
213 silly get     'content-encoding': 'gzip',
213 silly get     'cache-control': 'max-age=300',
213 silly get     'content-length': '983',
213 silly get     'accept-ranges': 'bytes',
213 silly get     date: 'Thu, 13 Apr 2017 18:34:43 GMT',
213 silly get     via: '1.1 varnish',
213 silly get     age: '249',
213 silly get     connection: 'keep-alive',
213 silly get     'x-served-by': 'cache-hkg6821-HKG',
213 silly get     'x-cache': 'HIT',
213 silly get     'x-cache-hits': '2',
213 silly get     'x-timer': 'S1492108484.551659,VS0,VE0',
213 silly get     vary: 'Accept-Encoding' } ]
214 verbose get saving graceful-readlink to /home/viet/.npm/registry.npmjs.org/graceful-readlink/.cache.json
215 verbose correctMkdir /home/viet/.npm correctMkdir not in flight; initializing
216 silly resolveWithNewModule graceful-readlink@1.0.1 checking installable status
217 silly cache add args [ 'graceful-readlink@>= 1.0.0', null ]
218 verbose cache add spec graceful-readlink@>= 1.0.0
219 silly cache add parsed spec Result {
219 silly cache add   raw: 'graceful-readlink@>= 1.0.0',
219 silly cache add   scope: null,
219 silly cache add   escapedName: 'graceful-readlink',
219 silly cache add   name: 'graceful-readlink',
219 silly cache add   rawSpec: '>= 1.0.0',
219 silly cache add   spec: '>=1.0.0',
219 silly cache add   type: 'range' }
220 silly addNamed graceful-readlink@>=1.0.0
221 verbose addNamed ">=1.0.0" is a valid semver range for graceful-readlink
222 silly addNameRange { name: 'graceful-readlink', range: '>=1.0.0', hasData: false }
223 silly mapToRegistry name graceful-readlink
224 silly mapToRegistry using default registry
225 silly mapToRegistry registry https://registry.npmjs.org/
226 silly mapToRegistry data Result {
226 silly mapToRegistry   raw: 'graceful-readlink',
226 silly mapToRegistry   scope: null,
226 silly mapToRegistry   escapedName: 'graceful-readlink',
226 silly mapToRegistry   name: 'graceful-readlink',
226 silly mapToRegistry   rawSpec: '',
226 silly mapToRegistry   spec: 'latest',
226 silly mapToRegistry   type: 'tag' }
227 silly mapToRegistry uri https://registry.npmjs.org/graceful-readlink
228 verbose addNameRange registry:https://registry.npmjs.org/graceful-readlink not in flight; fetching
229 verbose get https://registry.npmjs.org/graceful-readlink not expired, no request
230 silly addNameRange number 2 { name: 'graceful-readlink', range: '>=1.0.0', hasData: true }
231 silly addNameRange versions [ 'graceful-readlink', [ '1.0.0', '1.0.1' ] ]
232 silly addNamed graceful-readlink@1.0.1
233 verbose addNamed "1.0.1" is a plain semver version for graceful-readlink
234 silly cache afterAdd graceful-readlink@1.0.1
235 verbose afterAdd /home/viet/.npm/graceful-readlink/1.0.1/package/package.json not in flight; writing
236 verbose correctMkdir /home/viet/.npm correctMkdir not in flight; initializing
237 verbose afterAdd /home/viet/.npm/graceful-readlink/1.0.1/package/package.json written
238 silly fetchNamedPackageData minimist
239 silly mapToRegistry name minimist
240 silly mapToRegistry using default registry
241 silly mapToRegistry registry https://registry.npmjs.org/
242 silly mapToRegistry data Result {
242 silly mapToRegistry   raw: 'minimist',
242 silly mapToRegistry   scope: null,
242 silly mapToRegistry   escapedName: 'minimist',
242 silly mapToRegistry   name: 'minimist',
242 silly mapToRegistry   rawSpec: '',
242 silly mapToRegistry   spec: 'latest',
242 silly mapToRegistry   type: 'tag' }
243 silly mapToRegistry uri https://registry.npmjs.org/minimist
244 verbose request uri https://registry.npmjs.org/minimist
245 verbose request no auth needed
246 info attempt registry request try #1 at 1:34:43 AM
247 verbose etag W/"58ecc516-74f8"
248 verbose lastModified Tue, 11 Apr 2017 11:59:18 GMT
249 http request GET https://registry.npmjs.org/minimist
250 http 304 https://registry.npmjs.org/minimist
251 verbose headers { date: 'Thu, 13 Apr 2017 18:34:43 GMT',
251 verbose headers   via: '1.1 varnish',
251 verbose headers   'cache-control': 'max-age=300',
251 verbose headers   etag: 'W/"58ecc516-74f8"',
251 verbose headers   age: '39',
251 verbose headers   connection: 'keep-alive',
251 verbose headers   'x-served-by': 'cache-hkg6826-HKG',
251 verbose headers   'x-cache': 'HIT',
251 verbose headers   'x-cache-hits': '3',
251 verbose headers   'x-timer': 'S1492108484.832585,VS0,VE0',
251 verbose headers   vary: 'Accept-Encoding' }
252 silly get cb [ 304,
252 silly get   { date: 'Thu, 13 Apr 2017 18:34:43 GMT',
252 silly get     via: '1.1 varnish',
252 silly get     'cache-control': 'max-age=300',
252 silly get     etag: 'W/"58ecc516-74f8"',
252 silly get     age: '39',
252 silly get     connection: 'keep-alive',
252 silly get     'x-served-by': 'cache-hkg6826-HKG',
252 silly get     'x-cache': 'HIT',
252 silly get     'x-cache-hits': '3',
252 silly get     'x-timer': 'S1492108484.832585,VS0,VE0',
252 silly get     vary: 'Accept-Encoding' } ]
253 verbose etag https://registry.npmjs.org/minimist from cache
254 verbose get saving minimist to /home/viet/.npm/registry.npmjs.org/minimist/.cache.json
255 verbose correctMkdir /home/viet/.npm correctMkdir not in flight; initializing
256 silly resolveWithNewModule minimist@0.0.8 checking installable status
257 silly cache add args [ 'minimist@0.0.8', null ]
258 verbose cache add spec minimist@0.0.8
259 silly cache add parsed spec Result {
259 silly cache add   raw: 'minimist@0.0.8',
259 silly cache add   scope: null,
259 silly cache add   escapedName: 'minimist',
259 silly cache add   name: 'minimist',
259 silly cache add   rawSpec: '0.0.8',
259 silly cache add   spec: '0.0.8',
259 silly cache add   type: 'version' }
260 silly addNamed minimist@0.0.8
261 verbose addNamed "0.0.8" is a plain semver version for minimist
262 silly mapToRegistry name minimist
263 silly mapToRegistry using default registry
264 silly mapToRegistry registry https://registry.npmjs.org/
265 silly mapToRegistry data Result {
265 silly mapToRegistry   raw: 'minimist',
265 silly mapToRegistry   scope: null,
265 silly mapToRegistry   escapedName: 'minimist',
265 silly mapToRegistry   name: 'minimist',
265 silly mapToRegistry   rawSpec: '',
265 silly mapToRegistry   spec: 'latest',
265 silly mapToRegistry   type: 'tag' }
266 silly mapToRegistry uri https://registry.npmjs.org/minimist
267 verbose addNameVersion registry:https://registry.npmjs.org/minimist not in flight; fetching
268 verbose get https://registry.npmjs.org/minimist not expired, no request
269 silly cache afterAdd minimist@0.0.8
270 verbose afterAdd /home/viet/.npm/minimist/0.0.8/package/package.json not in flight; writing
271 verbose correctMkdir /home/viet/.npm correctMkdir not in flight; initializing
272 verbose afterAdd /home/viet/.npm/minimist/0.0.8/package/package.json written
273 silly loadAllDepsIntoIdealTree Finishing
274 silly loadIdealTree Finishing
275 silly currentTree lib
276 silly idealTree lib
276 silly idealTree └─┬ express-generator@4.15.0
276 silly idealTree   ├── commander@2.9.0
276 silly idealTree   ├── ejs@2.5.6
276 silly idealTree   ├── graceful-readlink@1.0.1
276 silly idealTree   ├── minimist@0.0.8
276 silly idealTree   ├── mkdirp@0.5.1
276 silly idealTree   └── sorted-object@2.0.1
277 silly generateActionsToTake Starting
278 silly install generateActionsToTake
279 warn checkPermissions Missing write access to /usr/lib/node_modules
280 silly rollbackFailedOptional Starting
281 silly rollbackFailedOptional Finishing
282 silly runTopLevelLifecycles Finishing
283 silly install printInstalled
284 verbose stack Error: EACCES: permission denied, access '/usr/lib/node_modules'
284 verbose stack     at Error (native)
285 verbose cwd /home/viet/Desktop/chuyendecongnghe/bonus02
286 error Linux 4.8.0-45-generic
287 error argv "/usr/bin/nodejs" "/usr/bin/npm" "install" "-g" "express-generator"
288 error node v6.10.1
289 error npm  v3.10.10
290 error path /usr/lib/node_modules
291 error code EACCES
292 error errno -13
293 error syscall access
294 error Error: EACCES: permission denied, access '/usr/lib/node_modules'
294 error     at Error (native)
294 error  { Error: EACCES: permission denied, access '/usr/lib/node_modules'
294 error     at Error (native)
294 error   errno: -13,
294 error   code: 'EACCES',
294 error   syscall: 'access',
294 error   path: '/usr/lib/node_modules' }
295 error Please try running this command again as root/Administrator.
296 verbose exit [ -13, true ]
